[2014-05-19 22:43:28.710] [ERROR] application - { '0': 
   { category: { _id: '534c759091ebd90000bfd100', name: 'プログラム' },
     skills: 
      [ [Object],
        [Object],
        [Object],
        [Object],
        [Object],
        [Object],
        [Object],
        [Object],
        [Object],
        [Object] ] },
  '1': 
   { category: { _id: '53562c4e18a83300009bf00e', name: 'DB' },
     skills: [ [Object], [Object], [Object], [Object], [Object] ] } }
[2014-05-19 22:57:37.699] [ERROR] application - { '0': 
   { category: { _id: '534c759091ebd90000bfd100', name: 'プログラム' },
     skills: 
      [ [Object],
        [Object],
        [Object],
        [Object],
        [Object],
        [Object],
        [Object],
        [Object],
        [Object],
        [Object] ] },
  '1': 
   { category: { _id: '53562c4e18a83300009bf00e', name: 'DB' },
     skills: [ [Object], [Object], [Object], [Object], [Object] ] } }
[2014-05-19 23:38:02.646] [ERROR] application - { '534c759091ebd90000bfd100': [ { '53574bb8877d29000086a15a': 1 } ],
  '53562c4e18a83300009bf00e': [] }
[2014-05-20 22:40:59.572] [ERROR] application - { message: 'Cast to ObjectId failed for value "keywords" at path "_id"',
  name: 'CastError',
  type: 'ObjectId',
  value: 'keywords',
  path: '_id' }
CastError: Cast to ObjectId failed for value "keywords" at path "_id"
    at ObjectId.cast (/var/lib/stickshift/533a47f1500446ab21000117/app-root/data/818753/node_modules/mongoose/lib/schema/objectid.js:116:13)
    at ObjectId.castForQuery (/var/lib/stickshift/533a47f1500446ab21000117/app-root/data/818753/node_modules/mongoose/lib/schema/objectid.js:165:17)
    at Query.cast (/var/lib/stickshift/533a47f1500446ab21000117/app-root/data/818753/node_modules/mongoose/lib/query.js:2291:32)
    at Query.findOne (/var/lib/stickshift/533a47f1500446ab21000117/app-root/data/818753/node_modules/mongoose/lib/query.js:1118:10)
    at Query.exec (/var/lib/stickshift/533a47f1500446ab21000117/app-root/data/818753/node_modules/mongoose/node_modules/mquery/lib/mquery.js:2181:16)
    at Query.exec (/var/lib/stickshift/533a47f1500446ab21000117/app-root/data/818753/node_modules/mongoose/lib/query.js:1769:19)
    at userModel.getById (/var/lib/stickshift/533a47f1500446ab21000117/app-root/data/818753/model/userModel.js:137:91)
    at exports.getById (/var/lib/stickshift/533a47f1500446ab21000117/app-root/data/818753/api/users.js:82:14)
    at callbacks (/var/lib/stickshift/533a47f1500446ab21000117/app-root/data/818753/node_modules/express/lib/router/index.js:161:37)
    at param (/var/lib/stickshift/533a47f1500446ab21000117/app-root/data/818753/node_modules/express/lib/router/index.js:135:11)
[2014-05-21 00:49:02.481] [ERROR] application - { message: 'Cast to ObjectId failed for value "skill" at path "_id"',
  name: 'CastError',
  type: 'ObjectId',
  value: 'skill',
  path: '_id' }
CastError: Cast to ObjectId failed for value "skill" at path "_id"
    at ObjectId.cast (/var/lib/stickshift/533a47f1500446ab21000117/app-root/data/818753/node_modules/mongoose/lib/schema/objectid.js:116:13)
    at ObjectId.castForQuery (/var/lib/stickshift/533a47f1500446ab21000117/app-root/data/818753/node_modules/mongoose/lib/schema/objectid.js:165:17)
    at Query.cast (/var/lib/stickshift/533a47f1500446ab21000117/app-root/data/818753/node_modules/mongoose/lib/query.js:2291:32)
    at Query.findOne (/var/lib/stickshift/533a47f1500446ab21000117/app-root/data/818753/node_modules/mongoose/lib/query.js:1118:10)
    at Query.exec (/var/lib/stickshift/533a47f1500446ab21000117/app-root/data/818753/node_modules/mongoose/node_modules/mquery/lib/mquery.js:2181:16)
    at Query.exec (/var/lib/stickshift/533a47f1500446ab21000117/app-root/data/818753/node_modules/mongoose/lib/query.js:1769:19)
    at userModel.getById (/var/lib/stickshift/533a47f1500446ab21000117/app-root/data/818753/model/userModel.js:137:91)
    at exports.getById (/var/lib/stickshift/533a47f1500446ab21000117/app-root/data/818753/api/users.js:82:14)
    at callbacks (/var/lib/stickshift/533a47f1500446ab21000117/app-root/data/818753/node_modules/express/lib/router/index.js:161:37)
    at param (/var/lib/stickshift/533a47f1500446ab21000117/app-root/data/818753/node_modules/express/lib/router/index.js:135:11)
[2014-05-21 00:52:58.948] [ERROR] application - 該当するユーザーが存在しません
[2014-05-21 00:52:58.950] [ERROR] application - []
[2014-05-21 02:35:49.547] [ERROR] application - { message: 'Cast to ObjectId failed for value "skill" at path "_id"',
  name: 'CastError',
  type: 'ObjectId',
  value: 'skill',
  path: '_id' }
CastError: Cast to ObjectId failed for value "skill" at path "_id"
    at ObjectId.cast (/var/lib/stickshift/533a47f1500446ab21000117/app-root/data/818753/node_modules/mongoose/lib/schema/objectid.js:116:13)
    at ObjectId.castForQuery (/var/lib/stickshift/533a47f1500446ab21000117/app-root/data/818753/node_modules/mongoose/lib/schema/objectid.js:165:17)
    at Query.cast (/var/lib/stickshift/533a47f1500446ab21000117/app-root/data/818753/node_modules/mongoose/lib/query.js:2291:32)
    at Query.findOne (/var/lib/stickshift/533a47f1500446ab21000117/app-root/data/818753/node_modules/mongoose/lib/query.js:1118:10)
    at Query.exec (/var/lib/stickshift/533a47f1500446ab21000117/app-root/data/818753/node_modules/mongoose/node_modules/mquery/lib/mquery.js:2181:16)
    at Query.exec (/var/lib/stickshift/533a47f1500446ab21000117/app-root/data/818753/node_modules/mongoose/lib/query.js:1769:19)
    at userModel.getById (/var/lib/stickshift/533a47f1500446ab21000117/app-root/data/818753/model/userModel.js:137:91)
    at exports.getById (/var/lib/stickshift/533a47f1500446ab21000117/app-root/data/818753/api/users.js:82:14)
    at callbacks (/var/lib/stickshift/533a47f1500446ab21000117/app-root/data/818753/node_modules/express/lib/router/index.js:161:37)
    at param (/var/lib/stickshift/533a47f1500446ab21000117/app-root/data/818753/node_modules/express/lib/router/index.js:135:11)
[2014-05-21 02:36:54.008] [ERROR] application - { message: 'Cast to ObjectId failed for value "skill" at path "_id"',
  name: 'CastError',
  type: 'ObjectId',
  value: 'skill',
  path: '_id' }
CastError: Cast to ObjectId failed for value "skill" at path "_id"
    at ObjectId.cast (/var/lib/stickshift/533a47f1500446ab21000117/app-root/data/818753/node_modules/mongoose/lib/schema/objectid.js:116:13)
    at ObjectId.castForQuery (/var/lib/stickshift/533a47f1500446ab21000117/app-root/data/818753/node_modules/mongoose/lib/schema/objectid.js:165:17)
    at Query.cast (/var/lib/stickshift/533a47f1500446ab21000117/app-root/data/818753/node_modules/mongoose/lib/query.js:2291:32)
    at Query.findOne (/var/lib/stickshift/533a47f1500446ab21000117/app-root/data/818753/node_modules/mongoose/lib/query.js:1118:10)
    at Query.exec (/var/lib/stickshift/533a47f1500446ab21000117/app-root/data/818753/node_modules/mongoose/node_modules/mquery/lib/mquery.js:2181:16)
    at Query.exec (/var/lib/stickshift/533a47f1500446ab21000117/app-root/data/818753/node_modules/mongoose/lib/query.js:1769:19)
    at userModel.getById (/var/lib/stickshift/533a47f1500446ab21000117/app-root/data/818753/model/userModel.js:137:91)
    at exports.getById (/var/lib/stickshift/533a47f1500446ab21000117/app-root/data/818753/api/users.js:82:14)
    at callbacks (/var/lib/stickshift/533a47f1500446ab21000117/app-root/data/818753/node_modules/express/lib/router/index.js:161:37)
    at param (/var/lib/stickshift/533a47f1500446ab21000117/app-root/data/818753/node_modules/express/lib/router/index.js:135:11)
[2014-05-21 02:40:16.692] [ERROR] application - 該当するユーザーが存在しません
[2014-05-21 02:40:16.693] [ERROR] application - []
[2014-05-21 02:46:27.584] [ERROR] application - { message: 'Cast to ObjectId failed for value "skill" at path "_id"',
  name: 'CastError',
  type: 'ObjectId',
  value: 'skill',
  path: '_id' }
CastError: Cast to ObjectId failed for value "skill" at path "_id"
    at ObjectId.cast (/var/lib/stickshift/533a47f1500446ab21000117/app-root/data/818753/node_modules/mongoose/lib/schema/objectid.js:116:13)
    at ObjectId.castForQuery (/var/lib/stickshift/533a47f1500446ab21000117/app-root/data/818753/node_modules/mongoose/lib/schema/objectid.js:165:17)
    at Query.cast (/var/lib/stickshift/533a47f1500446ab21000117/app-root/data/818753/node_modules/mongoose/lib/query.js:2291:32)
    at Query.findOne (/var/lib/stickshift/533a47f1500446ab21000117/app-root/data/818753/node_modules/mongoose/lib/query.js:1118:10)
    at Query.exec (/var/lib/stickshift/533a47f1500446ab21000117/app-root/data/818753/node_modules/mongoose/node_modules/mquery/lib/mquery.js:2181:16)
    at Query.exec (/var/lib/stickshift/533a47f1500446ab21000117/app-root/data/818753/node_modules/mongoose/lib/query.js:1769:19)
    at userModel.getById (/var/lib/stickshift/533a47f1500446ab21000117/app-root/data/818753/model/userModel.js:137:91)
    at exports.getById (/var/lib/stickshift/533a47f1500446ab21000117/app-root/data/818753/api/users.js:82:14)
    at callbacks (/var/lib/stickshift/533a47f1500446ab21000117/app-root/data/818753/node_modules/express/lib/router/index.js:161:37)
    at param (/var/lib/stickshift/533a47f1500446ab21000117/app-root/data/818753/node_modules/express/lib/router/index.js:135:11)
[2014-05-21 02:48:24.674] [ERROR] application - { message: 'Cast to ObjectId failed for value "skill" at path "_id"',
  name: 'CastError',
  type: 'ObjectId',
  value: 'skill',
  path: '_id' }
CastError: Cast to ObjectId failed for value "skill" at path "_id"
    at ObjectId.cast (/var/lib/stickshift/533a47f1500446ab21000117/app-root/data/818753/node_modules/mongoose/lib/schema/objectid.js:116:13)
    at ObjectId.castForQuery (/var/lib/stickshift/533a47f1500446ab21000117/app-root/data/818753/node_modules/mongoose/lib/schema/objectid.js:165:17)
    at Query.cast (/var/lib/stickshift/533a47f1500446ab21000117/app-root/data/818753/node_modules/mongoose/lib/query.js:2291:32)
    at Query.findOne (/var/lib/stickshift/533a47f1500446ab21000117/app-root/data/818753/node_modules/mongoose/lib/query.js:1118:10)
    at Query.exec (/var/lib/stickshift/533a47f1500446ab21000117/app-root/data/818753/node_modules/mongoose/node_modules/mquery/lib/mquery.js:2181:16)
    at Query.exec (/var/lib/stickshift/533a47f1500446ab21000117/app-root/data/818753/node_modules/mongoose/lib/query.js:1769:19)
    at userModel.getById (/var/lib/stickshift/533a47f1500446ab21000117/app-root/data/818753/model/userModel.js:137:91)
    at exports.getById (/var/lib/stickshift/533a47f1500446ab21000117/app-root/data/818753/api/users.js:82:14)
    at callbacks (/var/lib/stickshift/533a47f1500446ab21000117/app-root/data/818753/node_modules/express/lib/router/index.js:161:37)
    at param (/var/lib/stickshift/533a47f1500446ab21000117/app-root/data/818753/node_modules/express/lib/router/index.js:135:11)
[2014-05-21 03:18:13.661] [ERROR] application - { message: 'Cast to ObjectId failed for value "skill" at path "_id"',
  name: 'CastError',
  type: 'ObjectId',
  value: 'skill',
  path: '_id' }
CastError: Cast to ObjectId failed for value "skill" at path "_id"
    at ObjectId.cast (/var/lib/stickshift/533a47f1500446ab21000117/app-root/data/818753/node_modules/mongoose/lib/schema/objectid.js:116:13)
    at ObjectId.castForQuery (/var/lib/stickshift/533a47f1500446ab21000117/app-root/data/818753/node_modules/mongoose/lib/schema/objectid.js:165:17)
    at Query.cast (/var/lib/stickshift/533a47f1500446ab21000117/app-root/data/818753/node_modules/mongoose/lib/query.js:2291:32)
    at Query.findOne (/var/lib/stickshift/533a47f1500446ab21000117/app-root/data/818753/node_modules/mongoose/lib/query.js:1118:10)
    at Query.exec (/var/lib/stickshift/533a47f1500446ab21000117/app-root/data/818753/node_modules/mongoose/node_modules/mquery/lib/mquery.js:2181:16)
    at Query.exec (/var/lib/stickshift/533a47f1500446ab21000117/app-root/data/818753/node_modules/mongoose/lib/query.js:1769:19)
    at userModel.getById (/var/lib/stickshift/533a47f1500446ab21000117/app-root/data/818753/model/userModel.js:137:91)
    at exports.getById (/var/lib/stickshift/533a47f1500446ab21000117/app-root/data/818753/api/users.js:82:14)
    at callbacks (/var/lib/stickshift/533a47f1500446ab21000117/app-root/data/818753/node_modules/express/lib/router/index.js:161:37)
    at param (/var/lib/stickshift/533a47f1500446ab21000117/app-root/data/818753/node_modules/express/lib/router/index.js:135:11)
[2014-05-21 03:39:57.373] [ERROR] application - 該当するユーザーが存在しません
[2014-05-21 03:39:57.375] [ERROR] application - []
[2014-05-21 03:40:09.875] [ERROR] application - 該当するユーザーが存在しません
[2014-05-21 03:40:09.888] [ERROR] application - []
[2014-05-21 03:40:15.445] [ERROR] application - 該当するユーザーが存在しません
[2014-05-21 03:40:15.536] [ERROR] application - []
[2014-05-21 03:40:34.106] [ERROR] application - 該当するユーザーが存在しません
[2014-05-21 03:40:34.108] [ERROR] application - []
[2014-05-21 03:41:35.732] [ERROR] application - 該当するユーザーが存在しません
[2014-05-21 03:41:35.733] [ERROR] application - []
[2014-05-21 23:23:47.644] [ERROR] application - { message: 'Cast to ObjectId failed for value "" at path "_id"',
  name: 'CastError',
  type: 'ObjectId',
  value: '',
  path: '_id' }
CastError: Cast to ObjectId failed for value "" at path "_id"
    at ObjectId.cast (/var/lib/stickshift/533a47f1500446ab21000117/app-root/data/818753/node_modules/mongoose/lib/schema/objectid.js:116:13)
    at ObjectId.castForQuery (/var/lib/stickshift/533a47f1500446ab21000117/app-root/data/818753/node_modules/mongoose/lib/schema/objectid.js:165:17)
    at Query.cast (/var/lib/stickshift/533a47f1500446ab21000117/app-root/data/818753/node_modules/mongoose/lib/query.js:2291:32)
    at Query.findOne (/var/lib/stickshift/533a47f1500446ab21000117/app-root/data/818753/node_modules/mongoose/lib/query.js:1118:10)
    at Query.exec (/var/lib/stickshift/533a47f1500446ab21000117/app-root/data/818753/node_modules/mongoose/node_modules/mquery/lib/mquery.js:2181:16)
    at Query.exec (/var/lib/stickshift/533a47f1500446ab21000117/app-root/data/818753/node_modules/mongoose/lib/query.js:1769:19)
    at userModel.getById (/var/lib/stickshift/533a47f1500446ab21000117/app-root/data/818753/model/userModel.js:137:91)
    at async.parallel.execute (/var/lib/stickshift/533a47f1500446ab21000117/app-root/data/818753/api/users.js:219:18)
    at /var/lib/stickshift/533a47f1500446ab21000117/app-root/data/818753/node_modules/async/lib/async.js:508:21
    at /var/lib/stickshift/533a47f1500446ab21000117/app-root/data/818753/node_modules/async/lib/async.js:224:13
[2014-05-22 03:04:51.137] [ERROR] application - 対象が見つかりません
[2014-05-22 03:34:07.748] [ERROR] application - { message: 'Cast to number failed for value "null" at path "employeeType"',
  name: 'CastError',
  type: 'number',
  value: 'null',
  path: 'employeeType' }
CastError: Cast to number failed for value "null" at path "employeeType"
    at SchemaNumber.cast (/var/lib/stickshift/533a47f1500446ab21000117/app-root/data/818753/node_modules/mongoose/lib/schema/number.js:201:9)
    at SchemaNumber.SchemaType.applySetters (/var/lib/stickshift/533a47f1500446ab21000117/app-root/data/818753/node_modules/mongoose/lib/schematype.js:526:17)
    at /var/lib/stickshift/533a47f1500446ab21000117/app-root/data/818753/node_modules/mongoose/lib/document.js:544:18
    at model.Document.$__try (/var/lib/stickshift/533a47f1500446ab21000117/app-root/data/818753/node_modules/mongoose/lib/document.js:757:8)
    at model.Document.set (/var/lib/stickshift/533a47f1500446ab21000117/app-root/data/818753/node_modules/mongoose/lib/document.js:543:24)
    at model.Object.defineProperty.set [as employeeType] (/var/lib/stickshift/533a47f1500446ab21000117/app-root/data/818753/node_modules/mongoose/lib/document.js:1202:45)
    at Promise.<anonymous> (/var/lib/stickshift/533a47f1500446ab21000117/app-root/data/818753/model/userModel.js:277:33)
    at Promise.<anonymous> (/var/lib/stickshift/533a47f1500446ab21000117/app-root/data/818753/node_modules/mongoose/node_modules/mpromise/lib/promise.js:177:8)
    at Promise.EventEmitter.emit (events.js:95:17)
    at Promise.emit (/var/lib/stickshift/533a47f1500446ab21000117/app-root/data/818753/node_modules/mongoose/node_modules/mpromise/lib/promise.js:84:38)
[2014-05-22 03:34:29.386] [ERROR] application - { message: 'Cast to number failed for value "null" at path "employeeType"',
  name: 'CastError',
  type: 'number',
  value: 'null',
  path: 'employeeType' }
CastError: Cast to number failed for value "null" at path "employeeType"
    at SchemaNumber.cast (/var/lib/stickshift/533a47f1500446ab21000117/app-root/data/818753/node_modules/mongoose/lib/schema/number.js:201:9)
    at SchemaNumber.SchemaType.applySetters (/var/lib/stickshift/533a47f1500446ab21000117/app-root/data/818753/node_modules/mongoose/lib/schematype.js:526:17)
    at /var/lib/stickshift/533a47f1500446ab21000117/app-root/data/818753/node_modules/mongoose/lib/document.js:544:18
    at model.Document.$__try (/var/lib/stickshift/533a47f1500446ab21000117/app-root/data/818753/node_modules/mongoose/lib/document.js:757:8)
    at model.Document.set (/var/lib/stickshift/533a47f1500446ab21000117/app-root/data/818753/node_modules/mongoose/lib/document.js:543:24)
    at model.Object.defineProperty.set [as employeeType] (/var/lib/stickshift/533a47f1500446ab21000117/app-root/data/818753/node_modules/mongoose/lib/document.js:1202:45)
    at Promise.<anonymous> (/var/lib/stickshift/533a47f1500446ab21000117/app-root/data/818753/model/userModel.js:277:33)
    at Promise.<anonymous> (/var/lib/stickshift/533a47f1500446ab21000117/app-root/data/818753/node_modules/mongoose/node_modules/mpromise/lib/promise.js:177:8)
    at Promise.EventEmitter.emit (events.js:95:17)
    at Promise.emit (/var/lib/stickshift/533a47f1500446ab21000117/app-root/data/818753/node_modules/mongoose/node_modules/mpromise/lib/promise.js:84:38)
[2014-05-23 00:48:20.930] [ERROR] application - 該当するユーザーが存在しません
[2014-05-23 00:48:20.931] [ERROR] application - []
[2014-05-23 00:48:29.047] [ERROR] application - 該当するユーザーが存在しません
[2014-05-23 00:48:29.047] [ERROR] application - []
[2014-05-23 00:48:36.002] [ERROR] application - 該当するユーザーが存在しません
[2014-05-23 00:48:36.003] [ERROR] application - []
[2014-05-23 00:48:38.080] [ERROR] application - 該当するユーザーが存在しません
[2014-05-23 00:48:38.080] [ERROR] application - []
[2014-05-23 00:49:07.998] [ERROR] application - 該当するユーザーが存在しません
[2014-05-23 00:49:07.999] [ERROR] application - []
[2014-05-23 00:49:10.207] [ERROR] application - 該当するユーザーが存在しません
[2014-05-23 00:49:10.208] [ERROR] application - []
[2014-05-23 00:49:20.386] [ERROR] application - 該当するユーザーが存在しません
[2014-05-23 00:49:20.390] [ERROR] application - []
[2014-05-23 00:49:36.021] [ERROR] application - 該当するユーザーが存在しません
[2014-05-23 00:49:36.021] [ERROR] application - []
[2014-05-23 00:49:52.145] [ERROR] application - 該当するユーザーが存在しません
[2014-05-23 00:49:52.145] [ERROR] application - []
[2014-05-23 00:51:50.405] [ERROR] application - 該当するユーザーが存在しません
[2014-05-23 00:51:50.405] [ERROR] application - []
[2014-05-23 00:54:02.275] [ERROR] application - { message: 'Cast to ObjectId failed for value "keywords" at path "_id"',
  name: 'CastError',
  type: 'ObjectId',
  value: 'keywords',
  path: '_id' }
CastError: Cast to ObjectId failed for value "keywords" at path "_id"
    at ObjectId.cast (/var/lib/stickshift/533a47f1500446ab21000117/app-root/data/818753/node_modules/mongoose/lib/schema/objectid.js:116:13)
    at ObjectId.castForQuery (/var/lib/stickshift/533a47f1500446ab21000117/app-root/data/818753/node_modules/mongoose/lib/schema/objectid.js:165:17)
    at Query.cast (/var/lib/stickshift/533a47f1500446ab21000117/app-root/data/818753/node_modules/mongoose/lib/query.js:2291:32)
    at Query.findOne (/var/lib/stickshift/533a47f1500446ab21000117/app-root/data/818753/node_modules/mongoose/lib/query.js:1118:10)
    at Query.exec (/var/lib/stickshift/533a47f1500446ab21000117/app-root/data/818753/node_modules/mongoose/node_modules/mquery/lib/mquery.js:2181:16)
    at Query.exec (/var/lib/stickshift/533a47f1500446ab21000117/app-root/data/818753/node_modules/mongoose/lib/query.js:1769:19)
    at userModel.getById (/var/lib/stickshift/533a47f1500446ab21000117/app-root/data/818753/model/userModel.js:137:91)
    at exports.getById (/var/lib/stickshift/533a47f1500446ab21000117/app-root/data/818753/api/users.js:82:14)
    at callbacks (/var/lib/stickshift/533a47f1500446ab21000117/app-root/data/818753/node_modules/express/lib/router/index.js:161:37)
    at param (/var/lib/stickshift/533a47f1500446ab21000117/app-root/data/818753/node_modules/express/lib/router/index.js:135:11)
